Using pre-set license
Built from '2021.3/staging' branch; Version is '2021.3.18f1 (3129e69bc0c7) revision 3221990'; Using compiler version '192829333'; Build Type 'Release'
OS: 'Windows 10  (10.0.19045) 64bit Professional' Language: 'ko' Physical Memory: 32104 MB
BatchMode: 1, IsHumanControllingUs: 0, StartBugReporterOnCrash: 0, Is64bit: 1, IsPro: 1

COMMAND LINE ARGUMENTS:
C:\Program Files\Unity\Hub\Editor\2021.3.18f1\Editor\Unity.exe
-adb2
-batchMode
-noUpm
-name
AssetImportWorker2
-projectPath
C:/GameDevelop/Unity/Space Cleaner
-logFile
Logs/AssetImportWorker2.log
-srvPort
49914
Successfully changed project path to: C:/GameDevelop/Unity/Space Cleaner
C:/GameDevelop/Unity/Space Cleaner
[UnityMemory] Configuration Parameters - Can be set up in boot.config
    "memorysetup-bucket-allocator-granularity=16"
    "memorysetup-bucket-allocator-bucket-count=8"
    "memorysetup-bucket-allocator-block-size=33554432"
    "memorysetup-bucket-allocator-block-count=8"
    "memorysetup-main-allocator-block-size=16777216"
    "memorysetup-thread-allocator-block-size=16777216"
    "memorysetup-gfx-main-allocator-block-size=16777216"
    "memorysetup-gfx-thread-allocator-block-size=16777216"
    "memorysetup-cache-allocator-block-size=4194304"
    "memorysetup-typetree-allocator-block-size=2097152"
    "memorysetup-profiler-bucket-allocator-granularity=16"
    "memorysetup-profiler-bucket-allocator-bucket-count=8"
    "memorysetup-profiler-bucket-allocator-block-size=33554432"
    "memorysetup-profiler-bucket-allocator-block-count=8"
    "memorysetup-profiler-allocator-block-size=16777216"
    "memorysetup-profiler-editor-allocator-block-size=1048576"
    "memorysetup-temp-allocator-size-main=16777216"
    "memorysetup-job-temp-allocator-block-size=2097152"
    "memorysetup-job-temp-allocator-block-size-background=1048576"
    "memorysetup-job-temp-allocator-reduction-small-platforms=262144"
    "memorysetup-temp-allocator-size-background-worker=32768"
    "memorysetup-temp-allocator-size-job-worker=262144"
    "memorysetup-temp-allocator-size-preload-manager=33554432"
    "memorysetup-temp-allocator-size-nav-mesh-worker=65536"
    "memorysetup-temp-allocator-size-audio-worker=65536"
    "memorysetup-temp-allocator-size-cloud-worker=32768"
    "memorysetup-temp-allocator-size-gi-baking-worker=262144"
    "memorysetup-temp-allocator-size-gfx=262144"
Player connection [16728] Host "[IP] 192.168.55.86 [Port] 0 [Flags] 2 [Guid] 3561394188 [EditorId] 3561394188 [Version] 1048832 [Id] WindowsEditor(7,DESKTOP-EK0B9KE) [Debug] 1 [PackageName] WindowsEditor [ProjectName] Editor" joined multi-casting on [225.0.0.222:54997]...

Player connection [16728] Host "[IP] 192.168.55.86 [Port] 0 [Flags] 2 [Guid] 3561394188 [EditorId] 3561394188 [Version] 1048832 [Id] WindowsEditor(7,DESKTOP-EK0B9KE) [Debug] 1 [PackageName] WindowsEditor [ProjectName] Editor" joined alternative multi-casting on [225.0.0.222:34997]...

Refreshing native plugins compatible for Editor in 51.04 ms, found 3 plugins.
Preloading 0 native plugins for Editor in 0.00 ms.
Initialize engine version: 2021.3.18f1 (3129e69bc0c7)
[Subsystems] Discovering subsystems at path C:/Program Files/Unity/Hub/Editor/2021.3.18f1/Editor/Data/Resources/UnitySubsystems
[Subsystems] Discovering subsystems at path C:/GameDevelop/Unity/Space Cleaner/Assets
GfxDevice: creating device client; threaded=0; jobified=0
Direct3D:
    Version:  Direct3D 11.0 [level 11.1]
    Renderer: AMD Radeon(TM) Graphics (ID=0x1638)
    Vendor:   ATI
    VRAM:     16052 MB
    Driver:   31.0.12002.92
Initialize mono
Mono path[0] = 'C:/Program Files/Unity/Hub/Editor/2021.3.18f1/Editor/Data/Managed'
Mono path[1] = 'C:/Program Files/Unity/Hub/Editor/2021.3.18f1/Editor/Data/MonoBleedingEdge/lib/mono/unityjit-win32'
Mono config path = 'C:/Program Files/Unity/Hub/Editor/2021.3.18f1/Editor/Data/MonoBleedingEdge/etc'
Using monoOptions --debugger-agent=transport=dt_socket,embedding=1,server=y,suspend=n,address=127.0.0.1:56896
Begin MonoManager ReloadAssembly
Registering precompiled unity dll's ...
Register platform support module: C:/Program Files/Unity/Hub/Editor/2021.3.18f1/Editor/Data/PlaybackEngines/WebGLSupport/UnityEditor.WebGL.Extensions.dll
Register platform support module: C:/Program Files/Unity/Hub/Editor/2021.3.18f1/Editor/Data/PlaybackEngines/AndroidPlayer/UnityEditor.Android.Extensions.dll
Register platform support module: C:/Program Files/Unity/Hub/Editor/2021.3.18f1/Editor/Data/PlaybackEngines/WindowsStandaloneSupport/UnityEditor.WindowsStandalone.Extensions.dll
Registered in 0.016582 seconds.
Native extension for WindowsStandalone target not found
Native extension for Android target not found
Android Extension - Scanning For ADB Devices 392 ms
Native extension for WebGL target not found
Refreshing native plugins compatible for Editor in 32.91 ms, found 3 plugins.
Preloading 0 native plugins for Editor in 0.00 ms.
Mono: successfully reloaded assembly
- Completed reload, in  0.996 seconds
Domain Reload Profiling:
	ReloadAssembly (997ms)
		BeginReloadAssembly (89ms)
			ExecutionOrderSort (0ms)
			DisableScriptedObjects (0ms)
			BackupInstance (0ms)
			ReleaseScriptingObjects (0ms)
			CreateAndSetChildDomain (1ms)
		EndReloadAssembly (791ms)
			LoadAssemblies (87ms)
			RebuildTransferFunctionScriptingTraits (0ms)
			SetupTypeCache (108ms)
			ReleaseScriptCaches (0ms)
			RebuildScriptCaches (22ms)
			SetupLoadedEditorAssemblies (610ms)
				LogAssemblyErrors (0ms)
				InitializePlatformSupportModulesInManaged (458ms)
				SetLoadedEditorAssemblies (0ms)
				RefreshPlugins (33ms)
				BeforeProcessingInitializeOnLoad (1ms)
				ProcessInitializeOnLoadAttributes (77ms)
				ProcessInitializeOnLoadMethodAttributes (41ms)
				AfterProcessingInitializeOnLoad (0ms)
				EditorAssembliesLoaded (0ms)
			ExecutionOrderSort2 (0ms)
			AwakeInstancesAfterBackupRestoration (0ms)
Platform modules already initialized, skipping
Registering precompiled user dll's ...
Registered in 0.007849 seconds.
Begin MonoManager ReloadAssembly
Native extension for WindowsStandalone target not found
Native extension for Android target not found
Native extension for WebGL target not found
Refreshing native plugins compatible for Editor in 32.22 ms, found 3 plugins.
Preloading 0 native plugins for Editor in 0.00 ms.
Mono: successfully reloaded assembly
- Completed reload, in  0.949 seconds
Domain Reload Profiling:
	ReloadAssembly (950ms)
		BeginReloadAssembly (127ms)
			ExecutionOrderSort (0ms)
			DisableScriptedObjects (5ms)
			BackupInstance (0ms)
			ReleaseScriptingObjects (0ms)
			CreateAndSetChildDomain (20ms)
		EndReloadAssembly (711ms)
			LoadAssemblies (108ms)
			RebuildTransferFunctionScriptingTraits (0ms)
			SetupTypeCache (177ms)
			ReleaseScriptCaches (0ms)
			RebuildScriptCaches (43ms)
			SetupLoadedEditorAssemblies (345ms)
				LogAssemblyErrors (0ms)
				InitializePlatformSupportModulesInManaged (22ms)
				SetLoadedEditorAssemblies (0ms)
				RefreshPlugins (32ms)
				BeforeProcessingInitializeOnLoad (79ms)
				ProcessInitializeOnLoadAttributes (169ms)
				ProcessInitializeOnLoadMethodAttributes (29ms)
				AfterProcessingInitializeOnLoad (14ms)
				EditorAssembliesLoaded (0ms)
			ExecutionOrderSort2 (0ms)
			AwakeInstancesAfterBackupRestoration (11ms)
Platform modules already initialized, skipping
========================================================================
Worker process is ready to serve import requests
Launched and connected shader compiler UnityShaderCompiler.exe after 0.06 seconds
Refreshing native plugins compatible for Editor in 0.57 ms, found 3 plugins.
Preloading 0 native plugins for Editor in 0.00 ms.
Unloading 2257 Unused Serialized files (Serialized files now loaded: 0)
Unloading 41 unused Assets / (30.2 KB). Loaded Objects now: 2717.
Memory consumption went from 104.5 MB to 104.5 MB.
Total: 2.787200 ms (FindLiveObjects: 0.181200 ms CreateObjectMapping: 0.103500 ms MarkObjects: 2.476200 ms  DeleteObjects: 0.025700 ms)

AssetImportParameters requested are different than current active one (requested -> active):
  custom:video-decoder-ogg-theora: a1e56fd34408186e4bbccfd4996cb3dc -> 
  custom:container-muxer-webm: aa71ff27fc2769a1b78a27578f13a17b -> 
  custom:container-demuxer-webm: 4f35f7cbe854078d1ac9338744f61a02 -> 
  custom:video-encoder-webm-vp8: eb34c28f22e8b96e1ab97ce403110664 -> 
  custom:audio-encoder-webm-vorbis: bf7c407c2cedff20999df2af8eb42d56 -> 
  custom:framework-win-MediaFoundation: 216162199b28c13a410421893ffa2e32 -> 
  custom:container-demuxer-ogg: 62fdf1f143b41e24485cea50d1cbac27 -> 
  custom:video-decoder-webm-vp8: 9c59270c3fd7afecdb556c50c9e8de78 -> 
  custom:audio-decoder-ogg-vorbis: bf7c407c2cedff20999df2af8eb42d56 -> 
========================================================================
Received Import Request.
  Time since last request: 19765.145999 seconds.
  path: Assets/TextMesh Pro/Fonts/LiberationSans.ttf
  artifactKey: Guid(e3265ab4bf004d28a9537516768c1c75) Importer(815301076,1909f56bfc062723c751e8b465ee728b)
Start importing Assets/TextMesh Pro/Fonts/LiberationSans.ttf using Guid(e3265ab4bf004d28a9537516768c1c75) Importer(815301076,1909f56bfc062723c751e8b465ee728b)  -> (artifact id: '5f3113df9c64817575ac1b2596df0c09') in 0.131661 seconds 
========================================================================
Received Import Request.
  Time since last request: 0.224394 seconds.
  path: Assets/TextMesh Pro/Resources/TMP Settings.asset
  artifactKey: Guid(3f5b5dff67a942289a9defa416b206f3) Importer(815301076,1909f56bfc062723c751e8b465ee728b)
Start importing Assets/TextMesh Pro/Resources/TMP Settings.asset using Guid(3f5b5dff67a942289a9defa416b206f3) Importer(815301076,1909f56bfc062723c751e8b465ee728b)  -> (artifact id: '7d39d3b365ae06f4a5d582e5614ba55e') in 0.043317 seconds 
========================================================================
Received Import Request.
  Time since last request: 0.385141 seconds.
  path: Assets/TextMesh Pro/Resources/Fonts & Materials/LiberationSans SDF - Drop Shadow.mat
  artifactKey: Guid(e73a58f6e2794ae7b1b7e50b7fb811b0) Importer(815301076,1909f56bfc062723c751e8b465ee728b)
Start importing Assets/TextMesh Pro/Resources/Fonts & Materials/LiberationSans SDF - Drop Shadow.mat using Guid(e73a58f6e2794ae7b1b7e50b7fb811b0) Importer(815301076,1909f56bfc062723c751e8b465ee728b)  -> (artifact id: '35a2ffbeaf838c3e4a77480ec545c7ad') in 0.042169 seconds 
========================================================================
Received Import Request.
  Time since last request: 1.130038 seconds.
  path: Assets/TWD/background.png
  artifactKey: Guid(a093780a76b8e8c4c8b121e123d21a82) Importer(815301076,1909f56bfc062723c751e8b465ee728b)
Start importing Assets/TWD/background.png using Guid(a093780a76b8e8c4c8b121e123d21a82) Importer(815301076,1909f56bfc062723c751e8b465ee728b)  -> (artifact id: '0099403a0a7175e1997f403afd8cb101') in 0.199061 seconds 
========================================================================
Received Import Request.
  Time since last request: 3.821798 seconds.
  path: Assets/TWD/FreeButtonSet/Textures/buttons/button_50.png
  artifactKey: Guid(a24331652574b3e479d00a8c0c41d820) Importer(815301076,1909f56bfc062723c751e8b465ee728b)
Start importing Assets/TWD/FreeButtonSet/Textures/buttons/button_50.png using Guid(a24331652574b3e479d00a8c0c41d820) Importer(815301076,1909f56bfc062723c751e8b465ee728b)  -> (artifact id: 'a16db27bcc3f07eddb67e824faab0193') in 0.018759 seconds 
========================================================================
Received Import Request.
  Time since last request: 0.000018 seconds.
  path: Assets/TWD/FreeButtonSet/Textures/buttons/button_200.png
  artifactKey: Guid(970d574d72d68e744b59382781515142) Importer(815301076,1909f56bfc062723c751e8b465ee728b)
Start importing Assets/TWD/FreeButtonSet/Textures/buttons/button_200.png using Guid(970d574d72d68e744b59382781515142) Importer(815301076,1909f56bfc062723c751e8b465ee728b)  -> (artifact id: '5b62085022aa43e1b4aa7158a167ddd5') in 0.025682 seconds 
========================================================================
Received Import Request.
  Time since last request: 0.000021 seconds.
  path: Assets/TWD/FreeButtonSet/Textures/buttons/button_100.png
  artifactKey: Guid(de104d32a95556349875721f3a1b1e55) Importer(815301076,1909f56bfc062723c751e8b465ee728b)
Start importing Assets/TWD/FreeButtonSet/Textures/buttons/button_100.png using Guid(de104d32a95556349875721f3a1b1e55) Importer(815301076,1909f56bfc062723c751e8b465ee728b)  -> (artifact id: '69dca05a31d3d41ac51b0bb4f4852e15') in 0.026760 seconds 
========================================================================
Received Import Request.
  Time since last request: 0.000025 seconds.
  path: Assets/TWD/FreeButtonSet/Textures/buttons/button_200_hover.png
  artifactKey: Guid(f3a7a5cda7b04f24794559ce75cc2fcc) Importer(815301076,1909f56bfc062723c751e8b465ee728b)
Start importing Assets/TWD/FreeButtonSet/Textures/buttons/button_200_hover.png using Guid(f3a7a5cda7b04f24794559ce75cc2fcc) Importer(815301076,1909f56bfc062723c751e8b465ee728b)  -> (artifact id: '4782d21f13be5b01c0fab0e7b6dfcc68') in 0.024199 seconds 
========================================================================
Received Import Request.
  Time since last request: 0.393965 seconds.
  path: Assets/TWD/FreeButtonSet/Textures/icons/32x32/arrow_down.png
  artifactKey: Guid(ca6ff084116929e41a747403f15f808e) Importer(815301076,1909f56bfc062723c751e8b465ee728b)
Start importing Assets/TWD/FreeButtonSet/Textures/icons/32x32/arrow_down.png using Guid(ca6ff084116929e41a747403f15f808e) Importer(815301076,1909f56bfc062723c751e8b465ee728b)  -> (artifact id: 'cb2342263fb7179ba8d0de80b6b48ea8') in 0.019110 seconds 
========================================================================
Received Import Request.
  Time since last request: 0.000018 seconds.
  path: Assets/TWD/FreeButtonSet/Textures/icons/32x32/minus.png
  artifactKey: Guid(a13a11ae513fbe544ad52acf42a1eaa0) Importer(815301076,1909f56bfc062723c751e8b465ee728b)
Start importing Assets/TWD/FreeButtonSet/Textures/icons/32x32/minus.png using Guid(a13a11ae513fbe544ad52acf42a1eaa0) Importer(815301076,1909f56bfc062723c751e8b465ee728b)  -> (artifact id: 'a400a46e2a5e5531477fd883d65b4536') in 0.019450 seconds 
========================================================================
Received Import Request.
  Time since last request: 0.000063 seconds.
  path: Assets/TWD/FreeButtonSet/Textures/icons/32x32/share.png
  artifactKey: Guid(f93fb28de2f7a5f4aa6babd1576b7828) Importer(815301076,1909f56bfc062723c751e8b465ee728b)
Start importing Assets/TWD/FreeButtonSet/Textures/icons/32x32/share.png using Guid(f93fb28de2f7a5f4aa6babd1576b7828) Importer(815301076,1909f56bfc062723c751e8b465ee728b)  -> (artifact id: 'c3dfe244ada5b5b70b5330b7fba91bf5') in 0.019765 seconds 
========================================================================
Received Import Request.
  Time since last request: 0.000017 seconds.
  path: Assets/TWD/FreeButtonSet/Textures/icons/32x32/message.png
  artifactKey: Guid(858e29a9128a19c4182ce8b02b9c6683) Importer(815301076,1909f56bfc062723c751e8b465ee728b)
Start importing Assets/TWD/FreeButtonSet/Textures/icons/32x32/message.png using Guid(858e29a9128a19c4182ce8b02b9c6683) Importer(815301076,1909f56bfc062723c751e8b465ee728b)  -> (artifact id: 'c12aa40368439073ac8bd79c5c9de473') in 0.021250 seconds 
========================================================================
Received Import Request.
  Time since last request: 0.000026 seconds.
  path: Assets/TWD/FreeButtonSet/Textures/icons/32x32/repeat.png
  artifactKey: Guid(adb9df14921d3844ba1a07fdb2766d3b) Importer(815301076,1909f56bfc062723c751e8b465ee728b)
Start importing Assets/TWD/FreeButtonSet/Textures/icons/32x32/repeat.png using Guid(adb9df14921d3844ba1a07fdb2766d3b) Importer(815301076,1909f56bfc062723c751e8b465ee728b)  -> (artifact id: '2b69eccf378fc4bb3f993b99d20356ba') in 0.020857 seconds 
========================================================================
Received Import Request.
  Time since last request: 0.433420 seconds.
  path: Assets/TWD/FreeButtonSet/Textures/icons/128x128/arrow_down.png
  artifactKey: Guid(e968566a79d16394f97ee27c34c6ac78) Importer(815301076,1909f56bfc062723c751e8b465ee728b)
Start importing Assets/TWD/FreeButtonSet/Textures/icons/128x128/arrow_down.png using Guid(e968566a79d16394f97ee27c34c6ac78) Importer(815301076,1909f56bfc062723c751e8b465ee728b)  -> (artifact id: '4620c48bcbdf83aec99ae2cf593df824') in 0.019579 seconds 
========================================================================
Received Import Request.
  Time since last request: 0.000016 seconds.
  path: Assets/TWD/FreeButtonSet/Textures/icons/128x128/pause.png
  artifactKey: Guid(b148167244e305a42b332c5e3103a0f3) Importer(815301076,1909f56bfc062723c751e8b465ee728b)
Start importing Assets/TWD/FreeButtonSet/Textures/icons/128x128/pause.png using Guid(b148167244e305a42b332c5e3103a0f3) Importer(815301076,1909f56bfc062723c751e8b465ee728b)  -> (artifact id: 'e1cf63e79a6e701f002f6419eaf87afc') in 0.017662 seconds 
========================================================================
Received Import Request.
  Time since last request: 0.000023 seconds.
  path: Assets/TWD/FreeButtonSet/Textures/icons/128x128/message.png
  artifactKey: Guid(bddaa0bb0da741940878ee1c42248a60) Importer(815301076,1909f56bfc062723c751e8b465ee728b)
Start importing Assets/TWD/FreeButtonSet/Textures/icons/128x128/message.png using Guid(bddaa0bb0da741940878ee1c42248a60) Importer(815301076,1909f56bfc062723c751e8b465ee728b)  -> (artifact id: '17aa142a1f9cf5b4181b4f63a1d3ac6e') in 0.020101 seconds 
========================================================================
Received Import Request.
  Time since last request: 0.000031 seconds.
  path: Assets/TWD/FreeButtonSet/Textures/icons/128x128/speaker.png
  artifactKey: Guid(a8bf463d0bcbdd440b693618eccf4027) Importer(815301076,1909f56bfc062723c751e8b465ee728b)
Start importing Assets/TWD/FreeButtonSet/Textures/icons/128x128/speaker.png using Guid(a8bf463d0bcbdd440b693618eccf4027) Importer(815301076,1909f56bfc062723c751e8b465ee728b)  -> (artifact id: '4c4061618ea0ffde9078635cec82644b') in 0.021900 seconds 
========================================================================
Received Import Request.
  Time since last request: 0.000020 seconds.
  path: Assets/TWD/FreeButtonSet/Textures/icons/128x128/share.png
  artifactKey: Guid(0c3c788016f06db4fa4c39433fe3af6c) Importer(815301076,1909f56bfc062723c751e8b465ee728b)
Start importing Assets/TWD/FreeButtonSet/Textures/icons/128x128/share.png using Guid(0c3c788016f06db4fa4c39433fe3af6c) Importer(815301076,1909f56bfc062723c751e8b465ee728b)  -> (artifact id: '7d28f65fb1ee8042225714c0006bab85') in 0.017275 seconds 
========================================================================
Received Import Request.
  Time since last request: 1.318045 seconds.
  path: Assets/TWD/FreeButtonSet/Textures/icons/256x256/arrow_down.png
  artifactKey: Guid(8e23a03b070b02343ae289c317c04cb8) Importer(815301076,1909f56bfc062723c751e8b465ee728b)
Start importing Assets/TWD/FreeButtonSet/Textures/icons/256x256/arrow_down.png using Guid(8e23a03b070b02343ae289c317c04cb8) Importer(815301076,1909f56bfc062723c751e8b465ee728b)  -> (artifact id: 'f752fe680e82dab1e36ce1c33525b72a') in 0.032956 seconds 
========================================================================
Received Import Request.
  Time since last request: 0.000034 seconds.
  path: Assets/TWD/FreeButtonSet/Textures/icons/256x256/speaker.png
  artifactKey: Guid(139c4181e893555468a02df6e9fa5a76) Importer(815301076,1909f56bfc062723c751e8b465ee728b)
Start importing Assets/TWD/FreeButtonSet/Textures/icons/256x256/speaker.png using Guid(139c4181e893555468a02df6e9fa5a76) Importer(815301076,1909f56bfc062723c751e8b465ee728b)  -> (artifact id: '3c446d3191c27ccdf732f594a8fa3f98') in 0.020016 seconds 
========================================================================
Received Import Request.
  Time since last request: 0.000016 seconds.
  path: Assets/TWD/FreeButtonSet/Textures/icons/256x256/minus.png
  artifactKey: Guid(6d3df38cd65ff494387432fd56427bde) Importer(815301076,1909f56bfc062723c751e8b465ee728b)
Start importing Assets/TWD/FreeButtonSet/Textures/icons/256x256/minus.png using Guid(6d3df38cd65ff494387432fd56427bde) Importer(815301076,1909f56bfc062723c751e8b465ee728b)  -> (artifact id: 'b801ba031d061d1ce3ba79dcf237af79') in 0.021319 seconds 
========================================================================
Received Import Request.
  Time since last request: 0.000014 seconds.
  path: Assets/TWD/FreeButtonSet/Textures/icons/256x256/star.png
  artifactKey: Guid(b6a757f6793cb0148a905bea74154284) Importer(815301076,1909f56bfc062723c751e8b465ee728b)
Start importing Assets/TWD/FreeButtonSet/Textures/icons/256x256/star.png using Guid(b6a757f6793cb0148a905bea74154284) Importer(815301076,1909f56bfc062723c751e8b465ee728b)  -> (artifact id: '29b13c51646a965f773331e952b304fc') in 0.021515 seconds 
========================================================================
Received Import Request.
  Time since last request: 0.000029 seconds.
  path: Assets/TWD/FreeButtonSet/Textures/icons/256x256/play.png
  artifactKey: Guid(c398922a20f2f984db55718ac2c394f5) Importer(815301076,1909f56bfc062723c751e8b465ee728b)
Start importing Assets/TWD/FreeButtonSet/Textures/icons/256x256/play.png using Guid(c398922a20f2f984db55718ac2c394f5) Importer(815301076,1909f56bfc062723c751e8b465ee728b)  -> (artifact id: 'ed779d86c7e487571a49edcace48cd29') in 0.020365 seconds 
========================================================================
Received Prepare
Registering precompiled user dll's ...
Registered in 0.007911 seconds.
Begin MonoManager ReloadAssembly
Native extension for WindowsStandalone target not found
Native extension for Android target not found
Native extension for WebGL target not found
Refreshing native plugins compatible for Editor in 0.98 ms, found 3 plugins.
Preloading 0 native plugins for Editor in 0.00 ms.
Mono: successfully reloaded assembly
- Completed reload, in  1.205 seconds
Domain Reload Profiling:
	ReloadAssembly (1206ms)
		BeginReloadAssembly (210ms)
			ExecutionOrderSort (0ms)
			DisableScriptedObjects (7ms)
			BackupInstance (0ms)
			ReleaseScriptingObjects (0ms)
			CreateAndSetChildDomain (68ms)
		EndReloadAssembly (878ms)
			LoadAssemblies (143ms)
			RebuildTransferFunctionScriptingTraits (0ms)
			SetupTypeCache (249ms)
			ReleaseScriptCaches (2ms)
			RebuildScriptCaches (56ms)
			SetupLoadedEditorAssemblies (391ms)
				LogAssemblyErrors (0ms)
				InitializePlatformSupportModulesInManaged (36ms)
				SetLoadedEditorAssemblies (0ms)
				RefreshPlugins (1ms)
				BeforeProcessingInitializeOnLoad (94ms)
				ProcessInitializeOnLoadAttributes (209ms)
				ProcessInitializeOnLoadMethodAttributes (34ms)
				AfterProcessingInitializeOnLoad (16ms)
				EditorAssembliesLoaded (0ms)
			ExecutionOrderSort2 (0ms)
			AwakeInstancesAfterBackupRestoration (17ms)
Platform modules already initialized, skipping
Refreshing native plugins compatible for Editor in 5.63 ms, found 3 plugins.
Preloading 0 native plugins for Editor in 0.00 ms.
Unloading 2246 Unused Serialized files (Serialized files now loaded: 0)
Unloading 29 unused Assets / (24.7 KB). Loaded Objects now: 2780.
Memory consumption went from 107.9 MB to 107.9 MB.
Total: 6.056000 ms (FindLiveObjects: 0.476900 ms CreateObjectMapping: 0.220600 ms MarkObjects: 5.300700 ms  DeleteObjects: 0.055600 ms)

AssetImportParameters requested are different than current active one (requested -> active):
  custom:video-decoder-ogg-theora: a1e56fd34408186e4bbccfd4996cb3dc -> 
  custom:container-muxer-webm: aa71ff27fc2769a1b78a27578f13a17b -> 
  custom:container-demuxer-webm: 4f35f7cbe854078d1ac9338744f61a02 -> 
  custom:video-encoder-webm-vp8: eb34c28f22e8b96e1ab97ce403110664 -> 
  custom:audio-encoder-webm-vorbis: bf7c407c2cedff20999df2af8eb42d56 -> 
  custom:framework-win-MediaFoundation: 216162199b28c13a410421893ffa2e32 -> 
  custom:container-demuxer-ogg: 62fdf1f143b41e24485cea50d1cbac27 -> 
  custom:video-decoder-webm-vp8: 9c59270c3fd7afecdb556c50c9e8de78 -> 
  custom:audio-decoder-ogg-vorbis: bf7c407c2cedff20999df2af8eb42d56 -> 
========================================================================
Received Prepare
Registering precompiled user dll's ...
Registered in 0.007904 seconds.
Begin MonoManager ReloadAssembly
Native extension for WindowsStandalone target not found
Native extension for Android target not found
Native extension for WebGL target not found
Refreshing native plugins compatible for Editor in 1.00 ms, found 3 plugins.
Preloading 0 native plugins for Editor in 0.00 ms.
Mono: successfully reloaded assembly
- Completed reload, in  1.072 seconds
Domain Reload Profiling:
	ReloadAssembly (1073ms)
		BeginReloadAssembly (143ms)
			ExecutionOrderSort (0ms)
			DisableScriptedObjects (7ms)
			BackupInstance (0ms)
			ReleaseScriptingObjects (0ms)
			CreateAndSetChildDomain (31ms)
		EndReloadAssembly (832ms)
			LoadAssemblies (116ms)
			RebuildTransferFunctionScriptingTraits (0ms)
			SetupTypeCache (228ms)
			ReleaseScriptCaches (2ms)
			RebuildScriptCaches (48ms)
			SetupLoadedEditorAssemblies (377ms)
				LogAssemblyErrors (0ms)
				InitializePlatformSupportModulesInManaged (34ms)
				SetLoadedEditorAssemblies (0ms)
				RefreshPlugins (1ms)
				BeforeProcessingInitializeOnLoad (92ms)
				ProcessInitializeOnLoadAttributes (198ms)
				ProcessInitializeOnLoadMethodAttributes (35ms)
				AfterProcessingInitializeOnLoad (16ms)
				EditorAssembliesLoaded (0ms)
			ExecutionOrderSort2 (0ms)
			AwakeInstancesAfterBackupRestoration (19ms)
Platform modules already initialized, skipping
Refreshing native plugins compatible for Editor in 5.62 ms, found 3 plugins.
Preloading 0 native plugins for Editor in 0.00 ms.
Unloading 2246 Unused Serialized files (Serialized files now loaded: 0)
Unloading 29 unused Assets / (25.6 KB). Loaded Objects now: 2783.
Memory consumption went from 107.9 MB to 107.9 MB.
Total: 5.607200 ms (FindLiveObjects: 0.478100 ms CreateObjectMapping: 0.189400 ms MarkObjects: 4.873600 ms  DeleteObjects: 0.064200 ms)

AssetImportParameters requested are different than current active one (requested -> active):
  custom:video-decoder-ogg-theora: a1e56fd34408186e4bbccfd4996cb3dc -> 
  custom:container-muxer-webm: aa71ff27fc2769a1b78a27578f13a17b -> 
  custom:container-demuxer-webm: 4f35f7cbe854078d1ac9338744f61a02 -> 
  custom:video-encoder-webm-vp8: eb34c28f22e8b96e1ab97ce403110664 -> 
  custom:audio-encoder-webm-vorbis: bf7c407c2cedff20999df2af8eb42d56 -> 
  custom:framework-win-MediaFoundation: 216162199b28c13a410421893ffa2e32 -> 
  custom:container-demuxer-ogg: 62fdf1f143b41e24485cea50d1cbac27 -> 
  custom:video-decoder-webm-vp8: 9c59270c3fd7afecdb556c50c9e8de78 -> 
  custom:audio-decoder-ogg-vorbis: bf7c407c2cedff20999df2af8eb42d56 -> 
