Using pre-set license
Built from '2021.3/staging' branch; Version is '2021.3.18f1 (3129e69bc0c7) revision 3221990'; Using compiler version '192829333'; Build Type 'Release'
OS: 'Windows 10  (10.0.19045) 64bit Professional' Language: 'ko' Physical Memory: 32104 MB
BatchMode: 1, IsHumanControllingUs: 0, StartBugReporterOnCrash: 0, Is64bit: 1, IsPro: 1

COMMAND LINE ARGUMENTS:
C:\Program Files\Unity\Hub\Editor\2021.3.18f1\Editor\Unity.exe
-adb2
-batchMode
-noUpm
-name
AssetImportWorker0
-projectPath
C:/GameDevelop/Unity/Space Cleaner
-logFile
Logs/AssetImportWorker0.log
-srvPort
58487
Successfully changed project path to: C:/GameDevelop/Unity/Space Cleaner
C:/GameDevelop/Unity/Space Cleaner
[UnityMemory] Configuration Parameters - Can be set up in boot.config
    "memorysetup-bucket-allocator-granularity=16"
    "memorysetup-bucket-allocator-bucket-count=8"
    "memorysetup-bucket-allocator-block-size=33554432"
    "memorysetup-bucket-allocator-block-count=8"
    "memorysetup-main-allocator-block-size=16777216"
    "memorysetup-thread-allocator-block-size=16777216"
    "memorysetup-gfx-main-allocator-block-size=16777216"
    "memorysetup-gfx-thread-allocator-block-size=16777216"
    "memorysetup-cache-allocator-block-size=4194304"
    "memorysetup-typetree-allocator-block-size=2097152"
    "memorysetup-profiler-bucket-allocator-granularity=16"
    "memorysetup-profiler-bucket-allocator-bucket-count=8"
    "memorysetup-profiler-bucket-allocator-block-size=33554432"
    "memorysetup-profiler-bucket-allocator-block-count=8"
    "memorysetup-profiler-allocator-block-size=16777216"
    "memorysetup-profiler-editor-allocator-block-size=1048576"
    "memorysetup-temp-allocator-size-main=16777216"
    "memorysetup-job-temp-allocator-block-size=2097152"
    "memorysetup-job-temp-allocator-block-size-background=1048576"
    "memorysetup-job-temp-allocator-reduction-small-platforms=262144"
    "memorysetup-temp-allocator-size-background-worker=32768"
    "memorysetup-temp-allocator-size-job-worker=262144"
    "memorysetup-temp-allocator-size-preload-manager=33554432"
    "memorysetup-temp-allocator-size-nav-mesh-worker=65536"
    "memorysetup-temp-allocator-size-audio-worker=65536"
    "memorysetup-temp-allocator-size-cloud-worker=32768"
    "memorysetup-temp-allocator-size-gi-baking-worker=262144"
    "memorysetup-temp-allocator-size-gfx=262144"
Player connection [24536] Host "[IP] 192.168.55.86 [Port] 0 [Flags] 2 [Guid] 2297164539 [EditorId] 2297164539 [Version] 1048832 [Id] WindowsEditor(7,DESKTOP-EK0B9KE) [Debug] 1 [PackageName] WindowsEditor [ProjectName] Editor" joined multi-casting on [225.0.0.222:54997]...

Player connection [24536] Host "[IP] 192.168.55.86 [Port] 0 [Flags] 2 [Guid] 2297164539 [EditorId] 2297164539 [Version] 1048832 [Id] WindowsEditor(7,DESKTOP-EK0B9KE) [Debug] 1 [PackageName] WindowsEditor [ProjectName] Editor" joined alternative multi-casting on [225.0.0.222:34997]...

Refreshing native plugins compatible for Editor in 43.16 ms, found 3 plugins.
Preloading 0 native plugins for Editor in 0.00 ms.
Initialize engine version: 2021.3.18f1 (3129e69bc0c7)
[Subsystems] Discovering subsystems at path C:/Program Files/Unity/Hub/Editor/2021.3.18f1/Editor/Data/Resources/UnitySubsystems
[Subsystems] Discovering subsystems at path C:/GameDevelop/Unity/Space Cleaner/Assets
GfxDevice: creating device client; threaded=0; jobified=0
Direct3D:
    Version:  Direct3D 11.0 [level 11.1]
    Renderer: AMD Radeon(TM) Graphics (ID=0x1638)
    Vendor:   ATI
    VRAM:     16052 MB
    Driver:   31.0.21023.2010
Initialize mono
Mono path[0] = 'C:/Program Files/Unity/Hub/Editor/2021.3.18f1/Editor/Data/Managed'
Mono path[1] = 'C:/Program Files/Unity/Hub/Editor/2021.3.18f1/Editor/Data/MonoBleedingEdge/lib/mono/unityjit-win32'
Mono config path = 'C:/Program Files/Unity/Hub/Editor/2021.3.18f1/Editor/Data/MonoBleedingEdge/etc'
Using monoOptions --debugger-agent=transport=dt_socket,embedding=1,server=y,suspend=n,address=127.0.0.1:56692
Begin MonoManager ReloadAssembly
Registering precompiled unity dll's ...
Register platform support module: C:/Program Files/Unity/Hub/Editor/2021.3.18f1/Editor/Data/PlaybackEngines/WebGLSupport/UnityEditor.WebGL.Extensions.dll
Register platform support module: C:/Program Files/Unity/Hub/Editor/2021.3.18f1/Editor/Data/PlaybackEngines/AndroidPlayer/UnityEditor.Android.Extensions.dll
Register platform support module: C:/Program Files/Unity/Hub/Editor/2021.3.18f1/Editor/Data/PlaybackEngines/WindowsStandaloneSupport/UnityEditor.WindowsStandalone.Extensions.dll
Registered in 0.017730 seconds.
Native extension for WindowsStandalone target not found
Native extension for Android target not found
Android Extension - Scanning For ADB Devices 414 ms
Native extension for WebGL target not found
Refreshing native plugins compatible for Editor in 32.95 ms, found 3 plugins.
Preloading 0 native plugins for Editor in 0.00 ms.
Mono: successfully reloaded assembly
- Completed reload, in  1.028 seconds
Domain Reload Profiling:
	ReloadAssembly (1029ms)
		BeginReloadAssembly (94ms)
			ExecutionOrderSort (0ms)
			DisableScriptedObjects (0ms)
			BackupInstance (0ms)
			ReleaseScriptingObjects (0ms)
			CreateAndSetChildDomain (1ms)
		EndReloadAssembly (814ms)
			LoadAssemblies (90ms)
			RebuildTransferFunctionScriptingTraits (0ms)
			SetupTypeCache (95ms)
			ReleaseScriptCaches (0ms)
			RebuildScriptCaches (24ms)
			SetupLoadedEditorAssemblies (640ms)
				LogAssemblyErrors (0ms)
				InitializePlatformSupportModulesInManaged (475ms)
				SetLoadedEditorAssemblies (0ms)
				RefreshPlugins (33ms)
				BeforeProcessingInitializeOnLoad (1ms)
				ProcessInitializeOnLoadAttributes (80ms)
				ProcessInitializeOnLoadMethodAttributes (51ms)
				AfterProcessingInitializeOnLoad (0ms)
				EditorAssembliesLoaded (0ms)
			ExecutionOrderSort2 (0ms)
			AwakeInstancesAfterBackupRestoration (0ms)
Platform modules already initialized, skipping
Registering precompiled user dll's ...
Registered in 0.010935 seconds.
Begin MonoManager ReloadAssembly
Native extension for WindowsStandalone target not found
Native extension for Android target not found
Native extension for WebGL target not found
Refreshing native plugins compatible for Editor in 32.99 ms, found 3 plugins.
Preloading 0 native plugins for Editor in 0.00 ms.
Mono: successfully reloaded assembly
- Completed reload, in  0.986 seconds
Domain Reload Profiling:
	ReloadAssembly (987ms)
		BeginReloadAssembly (126ms)
			ExecutionOrderSort (0ms)
			DisableScriptedObjects (5ms)
			BackupInstance (0ms)
			ReleaseScriptingObjects (0ms)
			CreateAndSetChildDomain (22ms)
		EndReloadAssembly (744ms)
			LoadAssemblies (108ms)
			RebuildTransferFunctionScriptingTraits (0ms)
			SetupTypeCache (168ms)
			ReleaseScriptCaches (1ms)
			RebuildScriptCaches (42ms)
			SetupLoadedEditorAssemblies (381ms)
				LogAssemblyErrors (0ms)
				InitializePlatformSupportModulesInManaged (22ms)
				SetLoadedEditorAssemblies (0ms)
				RefreshPlugins (33ms)
				BeforeProcessingInitializeOnLoad (84ms)
				ProcessInitializeOnLoadAttributes (192ms)
				ProcessInitializeOnLoadMethodAttributes (32ms)
				AfterProcessingInitializeOnLoad (17ms)
				EditorAssembliesLoaded (0ms)
			ExecutionOrderSort2 (0ms)
			AwakeInstancesAfterBackupRestoration (19ms)
Platform modules already initialized, skipping
========================================================================
Worker process is ready to serve import requests
Launched and connected shader compiler UnityShaderCompiler.exe after 0.06 seconds
Refreshing native plugins compatible for Editor in 0.62 ms, found 3 plugins.
Preloading 0 native plugins for Editor in 0.00 ms.
Unloading 2257 Unused Serialized files (Serialized files now loaded: 0)
Unloading 41 unused Assets / (30.2 KB). Loaded Objects now: 2717.
Memory consumption went from 104.6 MB to 104.5 MB.
Total: 2.990300 ms (FindLiveObjects: 0.211300 ms CreateObjectMapping: 0.107800 ms MarkObjects: 2.644200 ms  DeleteObjects: 0.026400 ms)

AssetImportParameters requested are different than current active one (requested -> active):
  custom:video-decoder-ogg-theora: a1e56fd34408186e4bbccfd4996cb3dc -> 
  custom:container-muxer-webm: aa71ff27fc2769a1b78a27578f13a17b -> 
  custom:container-demuxer-webm: 4f35f7cbe854078d1ac9338744f61a02 -> 
  custom:video-encoder-webm-vp8: eb34c28f22e8b96e1ab97ce403110664 -> 
  custom:audio-encoder-webm-vorbis: bf7c407c2cedff20999df2af8eb42d56 -> 
  custom:framework-win-MediaFoundation: 216162199b28c13a410421893ffa2e32 -> 
  custom:container-demuxer-ogg: 62fdf1f143b41e24485cea50d1cbac27 -> 
  custom:video-decoder-webm-vp8: 9c59270c3fd7afecdb556c50c9e8de78 -> 
  custom:audio-decoder-ogg-vorbis: bf7c407c2cedff20999df2af8eb42d56 -> 
========================================================================
Received Import Request.
  Time since last request: 11369.418174 seconds.
  path: Assets/Prefabs/basicBlock.prefab
  artifactKey: Guid(8fb103e7e3495864798aefc4d3be702e) Importer(815301076,1909f56bfc062723c751e8b465ee728b)
Start importing Assets/Prefabs/basicBlock.prefab using Guid(8fb103e7e3495864798aefc4d3be702e) Importer(815301076,1909f56bfc062723c751e8b465ee728b)  -> (artifact id: 'c3fd723fbee3d303b2c79ccf0214611e') in 0.124301 seconds 
========================================================================
Received Import Request.
  Time since last request: 12.880424 seconds.
  path: Assets/Editor/Banana_Slap-AngryFlash-2001109808 (1).mp3
  artifactKey: Guid(d3a51bca422a4644e864b8d7b6ee21cb) Importer(815301076,1909f56bfc062723c751e8b465ee728b)
Start importing Assets/Editor/Banana_Slap-AngryFlash-2001109808 (1).mp3 using Guid(d3a51bca422a4644e864b8d7b6ee21cb) Importer(815301076,1909f56bfc062723c751e8b465ee728b)  -> (artifact id: '336b179b0d9053d6316333b1fa98891d') in 0.042896 seconds 
========================================================================
Received Import Request.
  Time since last request: 0.016144 seconds.
  path: Assets/Editor/bomber.png
  artifactKey: Guid(ee32ea3108f26ac4b8d17bc5808ef2d4) Importer(815301076,1909f56bfc062723c751e8b465ee728b)
Start importing Assets/Editor/bomber.png using Guid(ee32ea3108f26ac4b8d17bc5808ef2d4) Importer(815301076,1909f56bfc062723c751e8b465ee728b)  -> (artifact id: '58aa29e31a90038ff7b86b42d41ada26') in 0.039017 seconds 
========================================================================
Received Import Request.
  Time since last request: 0.000018 seconds.
  path: Assets/Editor/highLightCircle.png
  artifactKey: Guid(3b4d3dd81f795b541bb65c0d7337c78b) Importer(815301076,1909f56bfc062723c751e8b465ee728b)
Start importing Assets/Editor/highLightCircle.png using Guid(3b4d3dd81f795b541bb65c0d7337c78b) Importer(815301076,1909f56bfc062723c751e8b465ee728b)  -> (artifact id: 'd00e8537929974d61e054186c5b3ed56') in 0.023955 seconds 
========================================================================
Received Import Request.
  Time since last request: 0.000042 seconds.
  path: Assets/Editor/wrongBomb.mp3
  artifactKey: Guid(1dbc6cb5e8a7db94eb3b33c144131b8c) Importer(815301076,1909f56bfc062723c751e8b465ee728b)
Start importing Assets/Editor/wrongBomb.mp3 using Guid(1dbc6cb5e8a7db94eb3b33c144131b8c) Importer(815301076,1909f56bfc062723c751e8b465ee728b)  -> (artifact id: 'a5ae1cda4228daddcb32be53f122036f') in 0.018843 seconds 
========================================================================
Received Import Request.
  Time since last request: 0.000022 seconds.
  path: Assets/Editor/Icon.png
  artifactKey: Guid(62ea4d0a769dee9408d2089edd252013) Importer(815301076,1909f56bfc062723c751e8b465ee728b)
Start importing Assets/Editor/Icon.png using Guid(62ea4d0a769dee9408d2089edd252013) Importer(815301076,1909f56bfc062723c751e8b465ee728b)  -> (artifact id: 'defe77c7ddfec187717e668163eb00c8') in 0.078439 seconds 
========================================================================
Received Import Request.
  Time since last request: 0.000029 seconds.
  path: Assets/Editor/whiteBlock.prefab
  artifactKey: Guid(f7046a406cbcfde439a30fd2eaf07858) Importer(815301076,1909f56bfc062723c751e8b465ee728b)
Start importing Assets/Editor/whiteBlock.prefab using Guid(f7046a406cbcfde439a30fd2eaf07858) Importer(815301076,1909f56bfc062723c751e8b465ee728b)  -> (artifact id: '29d2c77418614637bc617535b08e6fb7') in 0.020365 seconds 
========================================================================
Received Import Request.
  Time since last request: 0.000030 seconds.
  path: Assets/Editor/selectBullet.png
  artifactKey: Guid(86662b14492a2024a8a56d20d17e9d69) Importer(815301076,1909f56bfc062723c751e8b465ee728b)
Start importing Assets/Editor/selectBullet.png using Guid(86662b14492a2024a8a56d20d17e9d69) Importer(815301076,1909f56bfc062723c751e8b465ee728b)  -> (artifact id: '3216b63e5b4562fea9ac9e1580112143') in 0.027672 seconds 
========================================================================
Received Import Request.
  Time since last request: 0.000027 seconds.
  path: Assets/Editor/Blop-Mark_DiAngelo-79054334 (3).mp3
  artifactKey: Guid(3ea3d119744c58f439684b3fd39cca99) Importer(815301076,1909f56bfc062723c751e8b465ee728b)
Start importing Assets/Editor/Blop-Mark_DiAngelo-79054334 (3).mp3 using Guid(3ea3d119744c58f439684b3fd39cca99) Importer(815301076,1909f56bfc062723c751e8b465ee728b)  -> (artifact id: '57777121244e2ef7795e18e803a02fc5') in 0.018700 seconds 
========================================================================
Received Import Request.
  Time since last request: 0.000038 seconds.
  path: Assets/Editor/Raptor.png
  artifactKey: Guid(34807d15b871b4a44aea61db6cf205ba) Importer(815301076,1909f56bfc062723c751e8b465ee728b)
Start importing Assets/Editor/Raptor.png using Guid(34807d15b871b4a44aea61db6cf205ba) Importer(815301076,1909f56bfc062723c751e8b465ee728b)  -> (artifact id: 'cb6eabb3cb9d75bd340629a11e2e8213') in 0.023566 seconds 
========================================================================
Received Import Request.
  Time since last request: 0.000035 seconds.
  path: Assets/Editor/whiteBlock.png
  artifactKey: Guid(98c75b943ac93b441a49fa2d49af25ac) Importer(815301076,1909f56bfc062723c751e8b465ee728b)
Start importing Assets/Editor/whiteBlock.png using Guid(98c75b943ac93b441a49fa2d49af25ac) Importer(815301076,1909f56bfc062723c751e8b465ee728b)  -> (artifact id: '406be6dd177b744e30913486be6750c3') in 0.101078 seconds 
========================================================================
Received Import Request.
  Time since last request: 0.000044 seconds.
  path: Assets/Editor/bomber.prefab
  artifactKey: Guid(8609866c04f4cf94f9ce112895fccd0b) Importer(815301076,1909f56bfc062723c751e8b465ee728b)
Start importing Assets/Editor/bomber.prefab using Guid(8609866c04f4cf94f9ce112895fccd0b) Importer(815301076,1909f56bfc062723c751e8b465ee728b)  -> (artifact id: '58ae77070f62ff870da5b5d6d218b7db') in 0.021121 seconds 
========================================================================
Received Import Request.
  Time since last request: 0.000035 seconds.
  path: Assets/Editor/squareblock.prefab
  artifactKey: Guid(f76304d22af31ee419216af07a4bba65) Importer(815301076,1909f56bfc062723c751e8b465ee728b)
Start importing Assets/Editor/squareblock.prefab using Guid(f76304d22af31ee419216af07a4bba65) Importer(815301076,1909f56bfc062723c751e8b465ee728b)  -> (artifact id: '590e36391f24b0e6974fc6977fc276fc') in 0.016524 seconds 
========================================================================
Received Import Request.
  Time since last request: 0.000024 seconds.
  path: Assets/Editor/twoTimeBlock.png
  artifactKey: Guid(f5b93a76ae7a9a04c9821ce786fcb575) Importer(815301076,1909f56bfc062723c751e8b465ee728b)
Start importing Assets/Editor/twoTimeBlock.png using Guid(f5b93a76ae7a9a04c9821ce786fcb575) Importer(815301076,1909f56bfc062723c751e8b465ee728b)  -> (artifact id: '7edc36cfd084d64a1ed3d605e273af32') in 0.105085 seconds 
========================================================================
Received Import Request.
  Time since last request: 0.000017 seconds.
  path: Assets/Editor/Whip-SoundBible.com-1988767601 (1).mp3
  artifactKey: Guid(3189dc5f4e80aed439780f4b00dd64cd) Importer(815301076,1909f56bfc062723c751e8b465ee728b)
Start importing Assets/Editor/Whip-SoundBible.com-1988767601 (1).mp3 using Guid(3189dc5f4e80aed439780f4b00dd64cd) Importer(815301076,1909f56bfc062723c751e8b465ee728b)  -> (artifact id: '5614b969386635ecc7cafcd6816815b2') in 0.020067 seconds 
========================================================================
Received Import Request.
  Time since last request: 0.000022 seconds.
  path: Assets/Editor/scoreBox.png
  artifactKey: Guid(61b6933bffeb498459360af463c16791) Importer(815301076,1909f56bfc062723c751e8b465ee728b)
Start importing Assets/Editor/scoreBox.png using Guid(61b6933bffeb498459360af463c16791) Importer(815301076,1909f56bfc062723c751e8b465ee728b)  -> (artifact id: 'dcf79df9008f7bc6aa34735a398ff612') in 0.023737 seconds 
Editor requested this worker to shutdown with reason: Scaling down because of idle timeout
AssetImportWorker is now disconnected from the server
Process exiting
Exiting without the bug reporter. Application will terminate with return code 0